生成启动时间为 2016/3/2 19:50:23。
     1>项目“C:\Users\Tangbin\Documents\GitHub\Learning-Cplusplus\Unit12\Unit12\Unit12.vcxproj”在节点 2 上(Build 个目标)。
     1>ClCompile:
         C:\Program Files\Microsoft Visual Studio 12.0\VC\bin\CL.exe /c /ZI /nologo /W3 /WX- /sdl /Od /Oy- /D WIN32 /D _DEBUG /D _CONSOLE /D "-D_SCL_SECURE_NO_WARNINGS" /D _LIB /D _CRT_SECURE_NO_WARNINGS /D _UNICODE /D UNICODE /Gm /EHsc /RTC1 /MDd /GS /fp:precise /Zc:wchar_t /Zc:forScope /Yc"stdafx.h" /Fp"Debug\Unit12.pch" /Fo"Debug\\" /Fd"Debug\vc120.pdb" /Gd /TP /analyze- /errorReport:prompt stdafx.cpp
         stdafx.cpp
         C:\Program Files\Microsoft Visual Studio 12.0\VC\bin\CL.exe /c /ZI /nologo /W3 /WX- /sdl /Od /Oy- /D WIN32 /D _DEBUG /D _CONSOLE /D "-D_SCL_SECURE_NO_WARNINGS" /D _LIB /D _CRT_SECURE_NO_WARNINGS /D _UNICODE /D UNICODE /Gm /EHsc /RTC1 /MDd /GS /fp:precise /Zc:wchar_t /Zc:forScope /Yu"stdafx.h" /Fp"Debug\Unit12.pch" /Fo"Debug\\" /Fd"Debug\vc120.pdb" /Gd /TP /analyze- /errorReport:prompt Blob.cpp Unit12.cpp
         Unit12.cpp
     1>c:\program files\microsoft visual studio 12.0\vc\include\xmemory(348): error C4996: 'std::_Uninitialized_copy0': Function call with parameters that may be unsafe - this call relies on the caller to check that the passed values are correct. To disable this warning, use -D_SCL_SECURE_NO_WARNINGS. See documentation on how to use Visual C++ 'Checked Iterators'
                 c:\program files\microsoft visual studio 12.0\vc\include\xmemory(333) : 参见“std::_Uninitialized_copy0”的声明
                 c:\users\tangbin\documents\github\learning-cplusplus\unit12\unit12\unit12.cpp(34): 参见对正在编译的函数 模板 实例化“_FwdIt std::uninitialized_copy<std::_Vector_iterator<std::_Vector_val<std::_Simple_types<int>>>,int*>(_InIt,_InIt,_FwdIt)”的引用
                 with
                 [
                     _FwdIt=int *
         ,            _InIt=std::_Vector_iterator<std::_Vector_val<std::_Simple_types<int>>>
                 ]
         Blob.cpp
         正在生成代码...
     1>已完成生成项目“C:\Users\Tangbin\Documents\GitHub\Learning-Cplusplus\Unit12\Unit12\Unit12.vcxproj”(Build 个目标)的操作 - 失败。

生成失败。

已用时间 00:00:01.87
