c:\users\tangbin\desktop\github\learning-cplusplus\unit16\unit16\debug\vc120.pdb
c:\users\tangbin\desktop\github\learning-cplusplus\unit16\unit16\debug\vc120.idb
c:\users\tangbin\documents\github\learning-cplusplus\unit16\unit16\debug\unit16.pch
c:\users\tangbin\documents\github\learning-cplusplus\unit16\unit16\debug\vc120.pdb
c:\users\tangbin\documents\github\learning-cplusplus\unit16\unit16\debug\vc120.idb
c:\users\tangbin\documents\github\learning-cplusplus\unit16\unit16\debug\stdafx.obj
c:\users\tangbin\documents\github\learning-cplusplus\unit16\unit16\debug\unit16.obj
c:\users\tangbin\documents\github\learning-cplusplus\unit16\unit16\debug\blob.obj
c:\users\tangbin\desktop\github\learning-cplusplus\unit16\debug\unit16.ilk
c:\users\tangbin\desktop\github\learning-cplusplus\unit16\debug\unit16.exe
c:\users\tangbin\desktop\github\learning-cplusplus\unit16\debug\unit16.pdb
c:\users\tangbin\documents\github\learning-cplusplus\unit16\debug\unit16.pdb
c:\users\tangbin\documents\github\learning-cplusplus\unit16\unit16\debug\unit16.tlog\cl.command.1.tlog
c:\users\tangbin\documents\github\learning-cplusplus\unit16\unit16\debug\unit16.tlog\cl.read.1.tlog
c:\users\tangbin\documents\github\learning-cplusplus\unit16\unit16\debug\unit16.tlog\cl.write.1.tlog
c:\users\tangbin\documents\github\learning-cplusplus\unit16\unit16\debug\unit16.tlog\link-cvtres.read.1.tlog
c:\users\tangbin\documents\github\learning-cplusplus\unit16\unit16\debug\unit16.tlog\link-cvtres.write.1.tlog
c:\users\tangbin\documents\github\learning-cplusplus\unit16\unit16\debug\unit16.tlog\link-rc.read.1.tlog
c:\users\tangbin\documents\github\learning-cplusplus\unit16\unit16\debug\unit16.tlog\link-rc.write.1.tlog
c:\users\tangbin\documents\github\learning-cplusplus\unit16\unit16\debug\unit16.tlog\link.3964-cvtres.read.1.tlog
c:\users\tangbin\documents\github\learning-cplusplus\unit16\unit16\debug\unit16.tlog\link.3964-cvtres.write.1.tlog
c:\users\tangbin\documents\github\learning-cplusplus\unit16\unit16\debug\unit16.tlog\link.3964-rc.read.1.tlog
c:\users\tangbin\documents\github\learning-cplusplus\unit16\unit16\debug\unit16.tlog\link.3964-rc.write.1.tlog
c:\users\tangbin\documents\github\learning-cplusplus\unit16\unit16\debug\unit16.tlog\link.3964.read.1.tlog
c:\users\tangbin\documents\github\learning-cplusplus\unit16\unit16\debug\unit16.tlog\link.3964.write.1.tlog
c:\users\tangbin\documents\github\learning-cplusplus\unit16\unit16\debug\unit16.tlog\link.command.1.tlog
c:\users\tangbin\documents\github\learning-cplusplus\unit16\unit16\debug\unit16.tlog\link.read.1.tlog
c:\users\tangbin\documents\github\learning-cplusplus\unit16\unit16\debug\unit16.tlog\link.write.1.tlog
